<?xml version="1.0" encoding="UTF-8"?>
<testng-results ignored="0" total="2" passed="2" failed="0" skipped="0">
  <reporter-output>
  </reporter-output>
  <suite started-at="2022-01-19T07:20:55 IST" name="Default suite" finished-at="2022-01-19T07:20:55 IST" duration-ms="146">
    <groups>
    </groups>
    <test started-at="2022-01-19T07:20:55 IST" name="Default test" finished-at="2022-01-19T07:20:55 IST" duration-ms="146">
      <class name="practise.CreateContactTest">
        <test-method signature="createcontactTest()[pri:0, instance:practise.CreateContactTest@79da8dc5]" started-at="2022-01-19T07:20:55 IST" name="createcontactTest" finished-at="2022-01-19T07:20:55 IST" duration-ms="21" status="PASS">
          <reporter-output>
          </reporter-output>
        </test-method> <!-- createcontactTest -->
        <test-method signature="modifycontactTest()[pri:0, instance:practise.CreateContactTest@79da8dc5]" started-at="2022-01-19T07:20:55 IST" name="modifycontactTest" finished-at="2022-01-19T07:20:55 IST" duration-ms="4" status="PASS">
          <reporter-output>
          </reporter-output>
        </test-method> <!-- modifycontactTest -->
      </class> <!-- practise.CreateContactTest -->
    </test> <!-- Default test -->
  </suite> <!-- Default suite -->
</testng-results>
